0 info it worked if it ends with ok
1 verbose cli [ '/usr/local/bin/node',
1 verbose cli   '/usr/local/bin/npm',
1 verbose cli   'install',
1 verbose cli   'child_process' ]
2 info using npm@2.15.5
3 info using node@v4.4.5
4 verbose install initial load of /Users/coding/Desktop/HR/project-T/package.json
5 warn package.json greenfield@1.0.0 No description
6 warn package.json greenfield@1.0.0 No repository field.
7 verbose installManyTop reading scoped package data from /Users/coding/Desktop/HR/project-T/node_modules/babel-core/package.json
8 verbose installManyTop reading scoped package data from /Users/coding/Desktop/HR/project-T/node_modules/babel-loader/package.json
9 verbose installManyTop reading scoped package data from /Users/coding/Desktop/HR/project-T/node_modules/babel-preset-es2015/package.json
10 verbose installManyTop reading scoped package data from /Users/coding/Desktop/HR/project-T/node_modules/babel-preset-react/package.json
11 verbose installManyTop reading scoped package data from /Users/coding/Desktop/HR/project-T/node_modules/bluebird/package.json
12 verbose installManyTop reading scoped package data from /Users/coding/Desktop/HR/project-T/node_modules/body-parser/package.json
13 verbose installManyTop reading scoped package data from /Users/coding/Desktop/HR/project-T/node_modules/cors/package.json
14 verbose installManyTop reading scoped package data from /Users/coding/Desktop/HR/project-T/node_modules/d3/package.json
15 verbose installManyTop reading scoped package data from /Users/coding/Desktop/HR/project-T/node_modules/express/package.json
16 verbose installManyTop reading scoped package data from /Users/coding/Desktop/HR/project-T/node_modules/fs/package.json
17 verbose installManyTop reading scoped package data from /Users/coding/Desktop/HR/project-T/node_modules/google-trends-api/package.json
18 verbose installManyTop reading scoped package data from /Users/coding/Desktop/HR/project-T/node_modules/jquery/package.json
19 verbose installManyTop reading scoped package data from /Users/coding/Desktop/HR/project-T/node_modules/live-server/package.json
20 verbose installManyTop reading scoped package data from /Users/coding/Desktop/HR/project-T/node_modules/morgan/package.json
21 verbose installManyTop reading scoped package data from /Users/coding/Desktop/HR/project-T/node_modules/mysql/package.json
22 verbose installManyTop reading scoped package data from /Users/coding/Desktop/HR/project-T/node_modules/node-cron/package.json
23 verbose installManyTop reading scoped package data from /Users/coding/Desktop/HR/project-T/node_modules/nodemon/package.json
24 verbose installManyTop reading scoped package data from /Users/coding/Desktop/HR/project-T/node_modules/react/package.json
25 verbose installManyTop reading scoped package data from /Users/coding/Desktop/HR/project-T/node_modules/react-bootstrap/package.json
26 verbose installManyTop reading scoped package data from /Users/coding/Desktop/HR/project-T/node_modules/react-dom/package.json
27 verbose installManyTop reading scoped package data from /Users/coding/Desktop/HR/project-T/node_modules/react-faux-dom/package.json
28 verbose installManyTop reading scoped package data from /Users/coding/Desktop/HR/project-T/node_modules/react-router/package.json
29 verbose installManyTop reading scoped package data from /Users/coding/Desktop/HR/project-T/node_modules/request/package.json
30 verbose installManyTop reading scoped package data from /Users/coding/Desktop/HR/project-T/node_modules/sequelize/package.json
31 verbose installManyTop reading scoped package data from /Users/coding/Desktop/HR/project-T/node_modules/twitter/package.json
32 verbose installManyTop reading scoped package data from /Users/coding/Desktop/HR/project-T/node_modules/watson-developer-cloud/package.json
33 verbose installManyTop reading scoped package data from /Users/coding/Desktop/HR/project-T/node_modules/webpack/package.json
34 info package.json fs@0.0.2 fs is also the name of a node core module.
35 info package.json fs@0.0.2 No description
36 info package.json fs@0.0.2 No repository field.
37 info package.json react-bootstrap@0.29.5 No README data
38 info package.json react-faux-dom@2.7.1 No README data
39 verbose readDependencies loading dependencies from /Users/coding/Desktop/HR/project-T/package.json
40 silly cache add args [ 'child_process', null ]
41 verbose cache add spec child_process
42 silly cache add parsed spec Result {
42 silly cache add   raw: 'child_process',
42 silly cache add   scope: null,
42 silly cache add   name: 'child_process',
42 silly cache add   rawSpec: '',
42 silly cache add   spec: 'latest',
42 silly cache add   type: 'tag' }
43 silly addNamed child_process@latest
44 verbose addNamed "latest" is being treated as a dist-tag for child_process
45 info addNameTag [ 'child_process', 'latest' ]
46 silly mapToRegistry name child_process
47 silly mapToRegistry using default registry
48 silly mapToRegistry registry https://registry.npmjs.org/
49 silly mapToRegistry data Result {
49 silly mapToRegistry   raw: 'child_process',
49 silly mapToRegistry   scope: null,
49 silly mapToRegistry   name: 'child_process',
49 silly mapToRegistry   rawSpec: '',
49 silly mapToRegistry   spec: 'latest',
49 silly mapToRegistry   type: 'tag' }
50 silly mapToRegistry uri https://registry.npmjs.org/child_process
51 verbose addNameTag registry:https://registry.npmjs.org/child_process not in flight; fetching
52 verbose request uri https://registry.npmjs.org/child_process
53 verbose request no auth needed
54 info attempt registry request try #1 at 7:13:10 PM
55 verbose request id dc4eca6b11876296
56 http request GET https://registry.npmjs.org/child_process
57 http 404 https://registry.npmjs.org/child_process
58 verbose headers { 'content-type': 'application/json',
58 verbose headers   'cache-control': 'max-age=0',
58 verbose headers   'content-length': '2',
58 verbose headers   'accept-ranges': 'bytes',
58 verbose headers   date: 'Fri, 22 Jul 2016 02:13:10 GMT',
58 verbose headers   via: '1.1 varnish',
58 verbose headers   age: '0',
58 verbose headers   connection: 'keep-alive',
58 verbose headers   'x-served-by': 'cache-sjc3638-SJC',
58 verbose headers   'x-cache': 'MISS',
58 verbose headers   'x-cache-hits': '0',
58 verbose headers   'x-timer': 'S1469153590.790996,VS0,VE91',
58 verbose headers   vary: 'Accept-Encoding' }
59 silly get cb [ 404,
59 silly get   { 'content-type': 'application/json',
59 silly get     'cache-control': 'max-age=0',
59 silly get     'content-length': '2',
59 silly get     'accept-ranges': 'bytes',
59 silly get     date: 'Fri, 22 Jul 2016 02:13:10 GMT',
59 silly get     via: '1.1 varnish',
59 silly get     age: '0',
59 silly get     connection: 'keep-alive',
59 silly get     'x-served-by': 'cache-sjc3638-SJC',
59 silly get     'x-cache': 'MISS',
59 silly get     'x-cache-hits': '0',
59 silly get     'x-timer': 'S1469153590.790996,VS0,VE91',
59 silly get     vary: 'Accept-Encoding' } ]
60 verbose stack Error: Registry returned 404 for GET on https://registry.npmjs.org/child_process
60 verbose stack     at makeError (/usr/local/lib/node_modules/npm/node_modules/npm-registry-client/lib/request.js:264:12)
60 verbose stack     at CachingRegistryClient.<anonymous> (/usr/local/lib/node_modules/npm/node_modules/npm-registry-client/lib/request.js:242:14)
60 verbose stack     at Request._callback (/usr/local/lib/node_modules/npm/node_modules/npm-registry-client/lib/request.js:172:14)
60 verbose stack     at Request.self.callback (/usr/local/lib/node_modules/npm/node_modules/request/request.js:200:22)
60 verbose stack     at emitTwo (events.js:87:13)
60 verbose stack     at Request.emit (events.js:172:7)
60 verbose stack     at Request.<anonymous> (/usr/local/lib/node_modules/npm/node_modules/request/request.js:1067:10)
60 verbose stack     at emitOne (events.js:82:20)
60 verbose stack     at Request.emit (events.js:169:7)
60 verbose stack     at IncomingMessage.<anonymous> (/usr/local/lib/node_modules/npm/node_modules/request/request.js:988:12)
61 verbose statusCode 404
62 verbose pkgid child_process
63 verbose cwd /Users/coding/Desktop/HR/project-T
64 error Darwin 14.1.0
65 error argv "/usr/local/bin/node" "/usr/local/bin/npm" "install" "child_process"
66 error node v4.4.5
67 error npm  v2.15.5
68 error code E404
69 error 404 Registry returned 404 for GET on https://registry.npmjs.org/child_process
69 error 404
69 error 404 'child_process' is not in the npm registry.
69 error 404 Your package name is not valid, because
69 error 404
69 error 404  1. child_process is a core module name
69 error 404 It was specified as a dependency of 'greenfield'
69 error 404
69 error 404 Note that you can also install from a
69 error 404 tarball, folder, http url, or git url.
70 verbose exit [ 1, true ]
